# JRE version: Java(TM) SE Runtime Environment (17.0.9+11) (build 17.0.9+11-LTS-201)
# Java VM: Java HotSpot(TM) 64-Bit Server VM (17.0.9+11-LTS-201, mixed mode, emulated-client, sharing, tiered, compressed oops, compressed class ptrs, g1 gc, windows-amd64)
GC Precious Log:
 CPUs: 12 total, 12 available
 Memory: 16217M
 Large Page Support: Disabled
 NUMA Support: Disabled
 Compressed Oops: Enabled (Zero based)
 Heap Region Size: 2M
 Heap Min Capacity: 8M
 Heap Initial Capacity: 254M
 Heap Max Capacity: 4056M
 Pre-touch: Disabled
 Parallel Workers: 10
 Concurrent Workers: 3
 Concurrent Refinement Workers: 10
 Periodic GC: Disabled
Heap:
 garbage-first heap   total 81920K, used 50057K [0x0000000702800000, 0x0000000800000000)
  region size 2048K, 14 young (28672K), 2 survivors (4096K)
 Metaspace       used 58238K, committed 58816K, reserved 1114112K
  class space    used 7890K, committed 8128K, reserved 1048576K
GC Heap History (20 events):
Event: 2.185 GC heap before
{Heap before GC invocations=5 (full 0):
 garbage-first heap   total 61440K, used 43956K [0x0000000702800000, 0x0000000800000000)
  region size 2048K, 19 young (38912K), 3 survivors (6144K)
 Metaspace       used 24521K, committed 24896K, reserved 1114112K
  class space    used 3357K, committed 3520K, reserved 1048576K
}
Event: 2.193 GC heap after
{Heap after GC invocations=6 (full 0):
 garbage-first heap   total 61440K, used 14971K [0x0000000702800000, 0x0000000800000000)
  region size 2048K, 2 young (4096K), 2 survivors (4096K)
 Metaspace       used 24521K, committed 24896K, reserved 1114112K
  class space    used 3357K, committed 3520K, reserved 1048576K
}
Event: 2.228 GC heap before
{Heap before GC invocations=6 (full 0):
 garbage-first heap   total 61440K, used 17019K [0x0000000702800000, 0x0000000800000000)
  region size 2048K, 3 young (6144K), 2 survivors (4096K)
 Metaspace       used 24876K, committed 25216K, reserved 1114112K
  class space    used 3404K, committed 3584K, reserved 1048576K
}
Event: 2.231 GC heap after
{Heap after GC invocations=7 (full 0):
 garbage-first heap   total 61440K, used 14867K [0x0000000702800000, 0x0000000800000000)
  region size 2048K, 1 young (2048K), 1 survivors (2048K)
 Metaspace       used 24876K, committed 25216K, reserved 1114112K
  class space    used 3404K, committed 3584K, reserved 1048576K
}
Event: 2.639 GC heap before
{Heap before GC invocations=7 (full 0):
 garbage-first heap   total 61440K, used 41491K [0x0000000702800000, 0x0000000800000000)
  region size 2048K, 14 young (28672K), 1 survivors (2048K)
 Metaspace       used 28614K, committed 29056K, reserved 1114112K
  class space    used 3971K, committed 4160K, reserved 1048576K
}
Event: 2.646 GC heap after
{Heap after GC invocations=8 (full 0):
 garbage-first heap   total 61440K, used 16507K [0x0000000702800000, 0x0000000800000000)
  region size 2048K, 2 young (4096K), 2 survivors (4096K)
 Metaspace       used 28614K, committed 29056K, reserved 1114112K
  class space    used 3971K, committed 4160K, reserved 1048576K
}
Event: 3.062 GC heap before
{Heap before GC invocations=8 (full 0):
 garbage-first heap   total 61440K, used 43131K [0x0000000702800000, 0x0000000800000000)
  region size 2048K, 15 young (30720K), 2 survivors (4096K)
 Metaspace       used 32779K, committed 33216K, reserved 1114112K
  class space    used 4624K, committed 4864K, reserved 1048576K
}
Event: 3.068 GC heap after
{Heap after GC invocations=9 (full 0):
 garbage-first heap   total 161792K, used 18445K [0x0000000702800000, 0x0000000800000000)
  region size 2048K, 1 young (2048K), 1 survivors (2048K)
 Metaspace       used 32779K, committed 33216K, reserved 1114112K
  class space    used 4624K, committed 4864K, reserved 1048576K
}
Event: 3.292 GC heap before
{Heap before GC invocations=9 (full 0):
 garbage-first heap   total 161792K, used 32781K [0x0000000702800000, 0x0000000800000000)
  region size 2048K, 9 young (18432K), 1 survivors (2048K)
 Metaspace       used 35692K, committed 36160K, reserved 1114112K
  class space    used 5058K, committed 5312K, reserved 1048576K
}
Event: 3.294 GC heap after
{Heap after GC invocations=10 (full 0):
 garbage-first heap   total 161792K, used 19649K [0x0000000702800000, 0x0000000800000000)
  region size 2048K, 2 young (4096K), 2 survivors (4096K)
 Metaspace       used 35692K, committed 36160K, reserved 1114112K
  class space    used 5058K, committed 5312K, reserved 1048576K
}
Event: 3.878 GC heap before
{Heap before GC invocations=11 (full 0):
 garbage-first heap   total 81920K, used 64705K [0x0000000702800000, 0x0000000800000000)
  region size 2048K, 24 young (49152K), 2 survivors (4096K)
 Metaspace       used 42763K, committed 43200K, reserved 1114112K
  class space    used 5948K, committed 6144K, reserved 1048576K
}
Event: 3.880 GC heap after
{Heap after GC invocations=12 (full 0):
 garbage-first heap   total 81920K, used 22190K [0x0000000702800000, 0x0000000800000000)
  region size 2048K, 3 young (6144K), 3 survivors (6144K)
 Metaspace       used 42763K, committed 43200K, reserved 1114112K
  class space    used 5948K, committed 6144K, reserved 1048576K
}
Event: 3.887 GC heap before
{Heap before GC invocations=12 (full 0):
 garbage-first heap   total 81920K, used 24238K [0x0000000702800000, 0x0000000800000000)
  region size 2048K, 4 young (8192K), 3 survivors (6144K)
 Metaspace       used 42778K, committed 43264K, reserved 1114112K
  class space    used 5949K, committed 6144K, reserved 1048576K
}
Event: 3.891 GC heap after
{Heap after GC invocations=13 (full 0):
 garbage-first heap   total 81920K, used 22715K [0x0000000702800000, 0x0000000800000000)
  region size 2048K, 1 young (2048K), 1 survivors (2048K)
 Metaspace       used 42778K, committed 43264K, reserved 1114112K
  class space    used 5949K, committed 6144K, reserved 1048576K
}
Event: 4.085 GC heap before
{Heap before GC invocations=13 (full 0):
 garbage-first heap   total 81920K, used 61627K [0x0000000702800000, 0x0000000800000000)
  region size 2048K, 20 young (40960K), 1 survivors (2048K)
 Metaspace       used 43543K, committed 44032K, reserved 1114112K
  class space    used 6056K, committed 6272K, reserved 1048576K
}
Event: 4.086 GC heap after
{Heap after GC invocations=14 (full 0):
 garbage-first heap   total 81920K, used 23293K [0x0000000702800000, 0x0000000800000000)
  region size 2048K, 1 young (2048K), 1 survivors (2048K)
 Metaspace       used 43543K, committed 44032K, reserved 1114112K
  class space    used 6056K, committed 6272K, reserved 1048576K
}
Event: 4.421 GC heap before
{Heap before GC invocations=14 (full 0):
 garbage-first heap   total 81920K, used 64253K [0x0000000702800000, 0x0000000800000000)
  region size 2048K, 21 young (43008K), 1 survivors (2048K)
 Metaspace       used 46352K, committed 46848K, reserved 1114112K
  class space    used 6429K, committed 6656K, reserved 1048576K
}
Event: 4.424 GC heap after
{Heap after GC invocations=15 (full 0):
 garbage-first heap   total 81920K, used 26405K [0x0000000702800000, 0x0000000800000000)
  region size 2048K, 3 young (6144K), 3 survivors (6144K)
 Metaspace       used 46352K, committed 46848K, reserved 1114112K
  class space    used 6429K, committed 6656K, reserved 1048576K
}
Event: 132.015 GC heap before
{Heap before GC invocations=15 (full 0):
 garbage-first heap   total 81920K, used 61221K [0x0000000702800000, 0x0000000800000000)
  region size 2048K, 21 young (43008K), 3 survivors (6144K)
 Metaspace       used 52366K, committed 52864K, reserved 1114112K
  class space    used 7159K, committed 7424K, reserved 1048576K
}
Event: 132.020 GC heap after
{Heap after GC invocations=16 (full 0):
 garbage-first heap   total 81920K, used 29577K [0x0000000702800000, 0x0000000800000000)
  region size 2048K, 2 young (4096K), 2 survivors (4096K)
 Metaspace       used 52366K, committed 52864K, reserved 1114112K
  class space    used 7159K, committed 7424K, reserved 1048576K
}

